<?xml version="1.0" encoding="utf-8"?><testsuites><testsuite name="pytest" errors="0" failures="0" skipped="0" tests="149" time="13.797" timestamp="2025-04-17T19:14:10.547754+00:00" hostname="f10840eaf9ed"><testcase classname="tests.test_common_functions.test_calendar_functions.TestGetMonth" name="test_float_input" time="0.007" /><testcase classname="tests.test_common_functions.test_calendar_functions.TestGetMonth" name="test_invalid_input" time="0.002" /><testcase classname="tests.test_common_functions.test_calendar_functions.TestGetMonth" name="test_string_input" time="0.002" /><testcase classname="tests.test_common_functions.test_calendar_functions.TestGetMonth" name="test_valid_input" time="0.001" /><testcase classname="tests.test_common_functions.test_calendar_functions.TestGetMonthNumber" name="test_integer_input" time="0.002" /><testcase classname="tests.test_common_functions.test_calendar_functions.TestGetMonthNumber" name="test_invalid_input" time="0.001" /><testcase classname="tests.test_common_functions.test_calendar_functions.TestGetMonthNumber" name="test_invalid_type_input" time="0.002" /><testcase classname="tests.test_common_functions.test_calendar_functions.TestGetMonthNumber" name="test_lowercase_input" time="0.001" /><testcase classname="tests.test_common_functions.test_calendar_functions.TestGetMonthNumber" name="test_spaced_input" time="0.001" /><testcase classname="tests.test_common_functions.test_calendar_functions.TestGetMonthNumber" name="test_valid_input" time="0.001" /><testcase classname="tests.test_common_functions.test_email_validation" name="test_validate_email_address_valid" time="0.208" /><testcase classname="tests.test_common_functions.test_email_validation" name="test_validate_email_address_invalid" time="0.002" /><testcase classname="tests.test_common_functions.test_email_validation" name="test_validate_email_address_undeliverable" time="0.006" /><testcase classname="tests.test_common_functions.test_email_validation" name="test_validate_email_address_dns_type" time="0.002" /><testcase classname="tests.test_common_functions.test_email_validation" name="test_validate_email_address_timeout" time="0.009" /><testcase classname="tests.test_common_functions.test_email_validation" name="test_validate_email_address_timeout_invalid" time="0.001" /><testcase classname="tests.test_common_functions.test_email_validation" name="test_validate_email_address_check_delivery_false" time="0.003" /><testcase classname="tests.test_common_functions.test_file_functions.test_append_csv.TestAppendCSV" name="test_append_csv_file_not_found" time="0.011" /><testcase classname="tests.test_common_functions.test_file_functions.test_append_csv.TestAppendCSV" name="test_append_csv_header_mismatch" time="0.005" /><testcase classname="tests.test_common_functions.test_file_functions.test_append_csv.TestAppendCSV" name="test_append_csv_invalid_data_type" time="0.002" /><testcase classname="tests.test_common_functions.test_file_functions.test_append_csv.TestAppendCSV" name="test_append_csv_valid_data" time="0.003" /><testcase classname="tests.test_common_functions.test_file_functions.test_create_data.TestSampleGenerator" name="test_files_created_successfully" time="0.005" /><testcase classname="tests.test_common_functions.test_file_functions.test_file_functions_delete.TestDeleteFile" name="test_delete_csv_file" time="0.017" /><testcase classname="tests.test_common_functions.test_file_functions.test_file_functions_delete.TestDeleteFile" name="test_delete_invalid_filename" time="0.004" /><testcase classname="tests.test_common_functions.test_file_functions.test_file_functions_delete.TestDeleteFile" name="test_delete_json_file" time="0.007" /><testcase classname="tests.test_common_functions.test_file_functions.test_file_functions_delete.TestDeleteFile" name="test_delete_nonexistent_file" time="0.005" /><testcase classname="tests.test_common_functions.test_file_functions.test_file_functions_delete.TestDeleteFile" name="test_delete_nonstring_filename" time="0.006" /><testcase classname="tests.test_common_functions.test_file_functions.test_file_functions_delete.TestDeleteFile" name="test_delete_text_file" time="0.005" /><testcase classname="tests.test_common_functions.test_file_functions.test_file_functions_delete.TestDeleteFile" name="test_delete_unsupported_filetype" time="0.006" /><testcase classname="tests.test_common_functions.test_file_functions.test_open_csv.TestOpenCsv" name="test_open_csv_with_delimiter_and_quotechar" time="0.002" /><testcase classname="tests.test_common_functions.test_file_functions.test_open_csv.TestOpenCsv" name="test_open_csv_with_invalid_delimiter_type" time="0.001" /><testcase classname="tests.test_common_functions.test_file_functions.test_open_csv.TestOpenCsv" name="test_open_csv_with_invalid_file" time="0.002" /><testcase classname="tests.test_common_functions.test_file_functions.test_open_csv.TestOpenCsv" name="test_open_csv_with_invalid_file_name_type" time="0.001" /><testcase classname="tests.test_common_functions.test_file_functions.test_open_csv.TestOpenCsv" name="test_open_csv_with_invalid_quote_level" time="0.002" /><testcase classname="tests.test_common_functions.test_file_functions.test_open_csv.TestOpenCsv" name="test_open_csv_with_quotechar_length_greater_than_one" time="0.003" /><testcase classname="tests.test_common_functions.test_file_functions.test_open_csv.TestOpenCsv" name="test_open_csv_with_valid_file" time="0.034" /><testcase classname="tests.test_common_functions.test_file_functions.test_open_json.TestFileFunctions" name="test_open_json_with_invalid_file_name" time="0.002" /><testcase classname="tests.test_common_functions.test_file_functions.test_open_json.TestFileFunctions" name="test_open_json_with_non_string_file_name" time="0.001" /><testcase classname="tests.test_common_functions.test_file_functions.test_open_json.TestFileFunctions" name="test_open_json_with_valid_file" time="0.002" /><testcase classname="tests.test_common_functions.test_file_functions.test_open_text.FileFunctionTests" name="test_open_text_file" time="0.017" /><testcase classname="tests.test_common_functions.test_file_functions.test_open_text.FileFunctionTests" name="test_open_text_integer_file_name" time="0.004" /><testcase classname="tests.test_common_functions.test_file_functions.test_open_text.FileFunctionTests" name="test_open_text_invalid_file_name" time="0.004" /><testcase classname="tests.test_common_functions.test_file_functions.test_open_text.FileFunctionTests" name="test_open_text_nonexistent_file" time="0.004" /><testcase classname="tests.test_common_functions.test_file_functions.test_save_csv.TestFileFunctions" name="test_save_csv_with_custom_delimiter" time="0.002" /><testcase classname="tests.test_common_functions.test_file_functions.test_save_csv.TestFileFunctions" name="test_save_csv_with_custom_quotechar" time="0.003" /><testcase classname="tests.test_common_functions.test_file_functions.test_save_csv.TestFileFunctions" name="test_save_csv_with_custom_root_folder" time="0.002" /><testcase classname="tests.test_common_functions.test_file_functions.test_save_csv.TestFileFunctions" name="test_save_csv_with_invalid_data" time="0.002" /><testcase classname="tests.test_common_functions.test_file_functions.test_save_csv.TestFileFunctions" name="test_save_csv_with_invalid_file_name" time="0.003" /><testcase classname="tests.test_common_functions.test_file_functions.test_save_csv.TestFileFunctions" name="test_save_csv_with_valid_data" time="0.002" /><testcase classname="tests.test_common_functions.test_file_functions.test_save_csv.TestFileFunctions" name="test_save_csv_with_valid_data_two" time="0.002" /><testcase classname="tests.test_common_functions.test_file_functions.test_save_json.TestSaveJson" name="test_invalid_data_type" time="0.002" /><testcase classname="tests.test_common_functions.test_file_functions.test_save_json.TestSaveJson" name="test_invalid_file_name" time="0.001" /><testcase classname="tests.test_common_functions.test_file_functions.test_save_json.TestSaveJson" name="test_success_save_json" time="0.002" /><testcase classname="tests.test_common_functions.test_file_functions.test_save_text.SaveTextTestCase" name="test_save_text" time="0.017" /><testcase classname="tests.test_common_functions.test_file_functions.test_save_text.SaveTextTestCase" name="test_save_text_invalid_data" time="0.004" /><testcase classname="tests.test_common_functions.test_file_functions.test_save_text.SaveTextTestCase" name="test_save_text_invalid_file_name" time="0.007" /><testcase classname="tests.test_common_functions.test_file_mover.test_file_mover.TestFileMover" name="test_process_files_flow_cleanup_error" time="1.017" /><testcase classname="tests.test_common_functions.test_file_mover.test_file_mover.TestFileMover" name="test_process_files_flow_compression_error" time="0.021" /><testcase classname="tests.test_common_functions.test_file_mover.test_file_mover.TestFileMover" name="test_process_files_flow_error_handling" time="0.007" /><testcase classname="tests.test_common_functions.test_file_mover.test_file_mover.TestFileMover" name="test_process_files_flow_existing_files" time="1.009" /><testcase classname="tests.test_common_functions.test_file_mover.test_file_mover.TestFileMover" name="test_process_files_flow_invalid_pattern" time="1.022" /><testcase classname="tests.test_common_functions.test_file_mover.test_file_mover.TestFileMover" name="test_process_files_flow_move_only" time="1.020" /><testcase classname="tests.test_common_functions.test_file_mover.test_file_mover.TestFileMover" name="test_process_files_flow_with_compression" time="1.023" /><testcase classname="tests.test_common_functions.test_file_mover.test_file_mover.TestFileMover" name="test_watch_processing_error_exception" time="0.026" /><testcase classname="tests.test_common_functions.test_folder_functions.test_folder_functions_directory_list.TestGetDirectoryList" name="test_get_directory_list" time="0.005" /><testcase classname="tests.test_common_functions.test_folder_functions.test_folder_functions_directory_list.TestGetDirectoryList" name="test_get_directory_list_nonexistent_dir" time="0.003" /><testcase classname="tests.test_common_functions.test_folder_functions.test_folder_functions_file_change.TestLastDataFilesChanged" name="test_empty_directory" time="0.014" /><testcase classname="tests.test_common_functions.test_folder_functions.test_folder_functions_file_change.TestLastDataFilesChanged" name="test_get_last_modified_file" time="0.014" /><testcase classname="tests.test_common_functions.test_folder_functions.test_folder_functions_file_change.TestLastDataFilesChanged" name="test_nonexistent_directory" time="0.014" /><testcase classname="tests.test_common_functions.test_folder_functions.test_folder_functions_make_folder.TestMakeFolder" name="test_create_folder_successfully" time="0.003" /><testcase classname="tests.test_common_functions.test_folder_functions.test_folder_functions_make_folder.TestMakeFolder" name="test_folder_already_exists" time="0.002" /><testcase classname="tests.test_common_functions.test_folder_functions.test_folder_functions_make_folder.TestMakeFolder" name="test_folder_name_contains_invalid_characters" time="0.002" /><testcase classname="tests.test_common_functions.test_folder_functions.test_folder_functions_remove_folder.TestRemoveFolder" name="test_remove_folder" time="0.003" /><testcase classname="tests.test_common_functions.test_folder_functions.test_folder_functions_remove_folder.TestRemoveFolder" name="test_remove_folder_nonempty_dir" time="0.004" /><testcase classname="tests.test_common_functions.test_folder_functions.test_folder_functions_remove_folder.TestRemoveFolder" name="test_remove_folder_nonexistent_dir" time="0.004" /><testcase classname="tests.test_common_functions.test_logging_config.TestConfigLog" name="test_config_log_with_app_name" time="0.007" /><testcase classname="tests.test_common_functions.test_logging_config.TestConfigLog" name="test_config_log_with_invalid_level" time="0.001" /><testcase classname="tests.test_common_functions.test_logging_config.TestConfigLog" name="test_config_log_with_valid_params" time="0.006" /><testcase classname="tests.test_common_functions.test_pattern_between.TestPatternBetweenTwoChar" name="test_pattern_between_two_char_edge_cases" time="0.006" /><testcase classname="tests.test_common_functions.test_pattern_between.TestPatternBetweenTwoChar" name="test_pattern_between_two_char_empty_characters" time="0.001" /><testcase classname="tests.test_common_functions.test_pattern_between.TestPatternBetweenTwoChar" name="test_pattern_between_two_char_integer_input" time="0.001" /><testcase classname="tests.test_common_functions.test_pattern_between.TestPatternBetweenTwoChar" name="test_pattern_between_two_char_valid_input" time="0.003" /><testcase classname="tests.test_database_functions.test_async_database.TestDatabaseOperations" name="test_count_query" time="0.242" /><testcase classname="tests.test_database_functions.test_async_database.TestDatabaseOperations" name="test_count_query_sqlalchemy_error" time="0.043" /><testcase classname="tests.test_database_functions.test_async_database.TestDatabaseOperations" name="test_count_query_general_exception" time="0.046" /><testcase classname="tests.test_database_functions.test_async_database.TestDatabaseOperations" name="test_read_query" time="0.084" /><testcase classname="tests.test_database_functions.test_async_database.TestDatabaseOperations" name="test_read_query_distinct" time="0.146" /><testcase classname="tests.test_database_functions.test_async_database.TestDatabaseOperations" name="test_read_query_tuple_result" time="0.102" /><testcase classname="tests.test_database_functions.test_async_database.TestDatabaseOperations" name="test_read_query_sqlalchemy_error" time="0.045" /><testcase classname="tests.test_database_functions.test_async_database.TestDatabaseOperations" name="test_read_query_general_exception" time="0.046" /><testcase classname="tests.test_database_functions.test_async_database.TestDatabaseOperations" name="test_read_query_mapping_single_and_multi" time="0.071" /><testcase classname="tests.test_database_functions.test_async_database.TestDatabaseOperations" name="test_read_query_mapping_fallback_branches" time="0.050" /><testcase classname="tests.test_database_functions.test_async_database.TestDatabaseOperations" name="test_read_query_no_keys_no_mapping" time="0.047" /><testcase classname="tests.test_database_functions.test_async_database.TestDatabaseOperations" name="test_read_multi_query_mapping_branches" time="0.054" /><testcase classname="tests.test_database_functions.test_async_database.TestDatabaseOperations" name="test_read_multi_query_no_keys_no_mapping" time="0.045" /><testcase classname="tests.test_database_functions.test_async_database.TestDatabaseOperations" name="test_read_multi_query_fallback_branches" time="0.047" /><testcase classname="tests.test_database_functions.test_async_database.TestDatabaseOperations" name="test_read_multi_query" time="0.064" /><testcase classname="tests.test_database_functions.test_async_database.TestDatabaseOperations" name="test_read_multi_query_sqlalchemy_error" time="0.047" /><testcase classname="tests.test_database_functions.test_async_database.TestDatabaseOperations" name="test_read_multi_query_general_exception" time="0.048" /><testcase classname="tests.test_database_functions.test_async_database.TestDatabaseOperations" name="test_create_one" time="0.065" /><testcase classname="tests.test_database_functions.test_async_database.TestDatabaseOperations" name="test_create_one_sqlalchemy_error" time="0.047" /><testcase classname="tests.test_database_functions.test_async_database.TestDatabaseOperations" name="test_create_one_general_exception" time="0.046" /><testcase classname="tests.test_database_functions.test_async_database.TestDatabaseOperations" name="test_create_one_integrity_error" time="0.051" /><testcase classname="tests.test_database_functions.test_async_database.TestDatabaseOperations" name="test_create_many" time="0.136" /><testcase classname="tests.test_database_functions.test_async_database.TestDatabaseOperations" name="test_create_many_sqlalchemy_error" time="0.055" /><testcase classname="tests.test_database_functions.test_async_database.TestDatabaseOperations" name="test_create_many_general_exception" time="0.046" /><testcase classname="tests.test_database_functions.test_async_database.TestDatabaseOperations" name="test_create_many_integrity_error" time="0.049" /><testcase classname="tests.test_database_functions.test_async_database.TestDatabaseOperations" name="test_update_one" time="0.110" /><testcase classname="tests.test_database_functions.test_async_database.TestDatabaseOperations" name="test_update_one_record_not_found" time="0.068" /><testcase classname="tests.test_database_functions.test_async_database.TestDatabaseOperations" name="test_update_one_integrity_error" time="0.050" /><testcase classname="tests.test_database_functions.test_async_database.TestDatabaseOperations" name="test_update_one_sqlalchemy_error" time="0.045" /><testcase classname="tests.test_database_functions.test_async_database.TestDatabaseOperations" name="test_update_one_general_exception" time="0.050" /><testcase classname="tests.test_database_functions.test_async_database.TestDatabaseOperations" name="test_delete_one" time="0.094" /><testcase classname="tests.test_database_functions.test_async_database.TestDatabaseOperations" name="test_delete_one_record_not_found" time="0.061" /><testcase classname="tests.test_database_functions.test_async_database.TestDatabaseOperations" name="test_delete_one_sqlalchemy_error" time="0.047" /><testcase classname="tests.test_database_functions.test_async_database.TestDatabaseOperations" name="test_delete_one_general_exception" time="0.047" /><testcase classname="tests.test_database_functions.test_async_database.TestDatabaseOperations" name="test_get_table_names" time="0.045" /><testcase classname="tests.test_database_functions.test_async_database.TestDatabaseOperations" name="test_get_column_details" time="0.043" /><testcase classname="tests.test_database_functions.test_async_database.TestDatabaseOperations" name="test_get_primary_keys" time="0.046" /><testcase classname="tests.test_database_functions.test_async_database.TestDatabaseOperations" name="test_read_one_record" time="0.088" /><testcase classname="tests.test_database_functions.test_async_database.TestDatabaseOperations" name="test_read_one_record_none" time="0.066" /><testcase classname="tests.test_database_functions.test_async_database.TestDatabaseOperations" name="test_read_one_record_exception" time="0.049" /><testcase classname="tests.test_database_functions.test_async_database.TestDatabaseOperations" name="test_delete_many" time="0.888" /><testcase classname="tests.test_database_functions.test_async_database.TestDatabaseOperations" name="test_delete_many_exception" time="0.138" /><testcase classname="tests.test_database_functions.test_async_database.TestDatabaseOperations" name="test_execute_one_insert" time="0.086" /><testcase classname="tests.test_database_functions.test_async_database.TestDatabaseOperations" name="test_execute_many_insert" time="0.126" /><testcase classname="tests.test_database_functions.test_async_database.TestDatabaseOperations" name="test_execute_one_delete" time="0.103" /><testcase classname="tests.test_database_functions.test_async_database.TestDatabaseOperations" name="test_execute_many_delete" time="0.218" /><testcase classname="tests.test_database_functions.test_async_database.TestDatabaseOperations" name="test_execute_one_exception" time="0.048" /><testcase classname="tests.test_database_functions.test_async_database.TestDatabaseOperations" name="test_execute_many_exception" time="0.052" /><testcase classname="tests.test_database_functions.test_async_database.TestDatabaseOperations" name="test_get_columns_details_exception" time="0.046" /><testcase classname="tests.test_database_functions.test_async_database.TestDatabaseOperations" name="test_get_primary_keys_exception" time="0.046" /><testcase classname="tests.test_database_functions.test_async_database.TestDatabaseOperations" name="test_get_table_names_exception" time="0.049" /><testcase classname="tests.test_database_functions.test_base_schema" name="test_schema_base[sqlite]" time="0.036" /><testcase classname="tests.test_database_functions.test_base_schema" name="test_schema_base[postgres]" time="0.299" /><testcase classname="tests.test_database_functions.test_db_config" name="test_sqlite_supported_parameters" time="0.003" /><testcase classname="tests.test_database_functions.test_db_config" name="test_sqlite_unsupported_parameters" time="0.004" /><testcase classname="tests.test_database_functions.test_db_config" name="test_postgresql_supported_parameters" time="0.088" /><testcase classname="tests.test_database_functions.test_db_config" name="test_postgresql_unsupported_parameters" time="0.002" /><testcase classname="tests.test_endpoints.test_default_endpoints" name="test_robots_txt" time="0.086" /><testcase classname="tests.test_endpoints.test_http_codes" name="test_generate_code_dict_description_only" time="0.002" /><testcase classname="tests.test_endpoints.test_http_codes" name="test_generate_code_dict_all_info" time="0.002" /><testcase classname="tests.test_endpoints.test_http_codes" name="test_generate_code_dict_invalid_code" time="0.002" /><testcase classname="tests.test_endpoints.test_http_codes" name="test_generate_code_dict_empty_codes" time="0.003" /><testcase classname="tests.test_endpoints.test_system_health_endpoints" name="test_health_status" time="0.024" /><testcase classname="tests.test_endpoints.test_system_health_endpoints" name="test_get_uptime" time="0.010" /><testcase classname="tests.test_endpoints.test_system_health_endpoints" name="test_get_heapdump" time="0.553" /><testcase classname="tests.test_endpoints.test_system_health_endpoints" name="test_get_heapdump_tracemalloc_error" time="0.003" /><testcase classname="tests.test_file_functions" name="test_save_json_appends_extension" time="0.016" /></testsuite></testsuites>
