<?xml version="1.0" encoding="utf-8"?><testsuites name="pytest tests"><testsuite name="pytest" errors="0" failures="0" skipped="0" tests="298" time="13.935" timestamp="2026-07-22T23:52:40.896161+00:00" hostname="36d713611e8a"><testcase classname="tests.test_ai_instructions.TestAvailableInstructionProfiles" name="test_returns_canonical_profiles" time="0.002" /><testcase classname="tests.test_ai_instructions.TestNormalizeProfile" name="test_canonical_names_pass_through" time="0.000" /><testcase classname="tests.test_ai_instructions.TestNormalizeProfile" name="test_case_and_whitespace_insensitive" time="0.000" /><testcase classname="tests.test_ai_instructions.TestNormalizeProfile" name="test_known_aliases_resolve" time="0.000" /><testcase classname="tests.test_ai_instructions.TestNormalizeProfile" name="test_unknown_profile_raises_value_error" time="0.001" /><testcase classname="tests.test_ai_instructions.TestNormalizeProfile" name="test_non_string_raises_type_error" time="0.001" /><testcase classname="tests.test_ai_instructions.TestSuggestedInstructionFilename" name="test_generic" time="0.000" /><testcase classname="tests.test_ai_instructions.TestSuggestedInstructionFilename" name="test_copilot" time="0.000" /><testcase classname="tests.test_ai_instructions.TestSuggestedInstructionFilename" name="test_claude" time="0.000" /><testcase classname="tests.test_ai_instructions.TestSuggestedInstructionFilename" name="test_defaults_to_generic" time="0.000" /><testcase classname="tests.test_ai_instructions.TestSuggestedInstructionFilename" name="test_unknown_profile_raises" time="0.000" /><testcase classname="tests.test_ai_instructions.TestGetAppInstructions" name="test_each_profile_has_a_distinct_header_but_shared_body" time="0.001" /><testcase classname="tests.test_ai_instructions.TestGetAppInstructions" name="test_default_profile_is_generic" time="0.000" /><testcase classname="tests.test_ai_instructions.TestGetAppInstructions" name="test_content_covers_key_gotchas" time="0.000" /><testcase classname="tests.test_ai_instructions.TestGetAppInstructions" name="test_unknown_profile_raises" time="0.000" /><testcase classname="tests.test_ai_instructions.TestResolveOutputPath" name="test_relative_path_within_base_dir_resolves" time="0.004" /><testcase classname="tests.test_ai_instructions.TestResolveOutputPath" name="test_nested_relative_path_within_base_dir_resolves" time="0.002" /><testcase classname="tests.test_ai_instructions.TestResolveOutputPath" name="test_traversal_outside_base_dir_raises" time="0.002" /><testcase classname="tests.test_ai_instructions.TestResolveOutputPath" name="test_absolute_path_outside_base_dir_raises" time="0.002" /><testcase classname="tests.test_ai_instructions.TestMainCli" name="test_no_args_prints_generic_to_stdout" time="0.002" /><testcase classname="tests.test_ai_instructions.TestMainCli" name="test_profile_arg_selects_profile" time="0.002" /><testcase classname="tests.test_ai_instructions.TestMainCli" name="test_unknown_profile_exits_nonzero" time="0.002" /><testcase classname="tests.test_ai_instructions.TestMainCli" name="test_write_flag_uses_suggested_filename" time="0.003" /><testcase classname="tests.test_ai_instructions.TestMainCli" name="test_write_flag_creates_nested_directories" time="0.002" /><testcase classname="tests.test_ai_instructions.TestMainCli" name="test_output_flag_writes_to_explicit_path" time="0.003" /><testcase classname="tests.test_ai_instructions.TestMainCli" name="test_output_flag_outside_cwd_exits_nonzero" time="0.003" /><testcase classname="tests.test_common_functions.test_calendar_functions.TestGetMonth" name="test_float_input" time="0.001" /><testcase classname="tests.test_common_functions.test_calendar_functions.TestGetMonth" name="test_invalid_input" time="0.001" /><testcase classname="tests.test_common_functions.test_calendar_functions.TestGetMonth" name="test_string_input" time="0.001" /><testcase classname="tests.test_common_functions.test_calendar_functions.TestGetMonth" name="test_valid_input" time="0.001" /><testcase classname="tests.test_common_functions.test_calendar_functions.TestGetMonthNumber" name="test_integer_input" time="0.001" /><testcase classname="tests.test_common_functions.test_calendar_functions.TestGetMonthNumber" name="test_invalid_input" time="0.001" /><testcase classname="tests.test_common_functions.test_calendar_functions.TestGetMonthNumber" name="test_invalid_type_input" time="0.001" /><testcase classname="tests.test_common_functions.test_calendar_functions.TestGetMonthNumber" name="test_lowercase_input" time="0.000" /><testcase classname="tests.test_common_functions.test_calendar_functions.TestGetMonthNumber" name="test_spaced_input" time="0.000" /><testcase classname="tests.test_common_functions.test_calendar_functions.TestGetMonthNumber" name="test_valid_input" time="0.001" /><testcase classname="tests.test_common_functions.test_email_validation" name="test_validate_email_address_valid" time="0.107" /><testcase classname="tests.test_common_functions.test_email_validation" name="test_validate_email_address_invalid" time="0.001" /><testcase classname="tests.test_common_functions.test_email_validation" name="test_validate_email_address_undeliverable" time="0.016" /><testcase classname="tests.test_common_functions.test_email_validation" name="test_validate_email_address_dns_type" time="0.000" /><testcase classname="tests.test_common_functions.test_email_validation" name="test_validate_email_address_timeout" time="0.003" /><testcase classname="tests.test_common_functions.test_email_validation" name="test_validate_email_address_timeout_invalid" time="0.000" /><testcase classname="tests.test_common_functions.test_email_validation" name="test_validate_email_address_check_delivery_false" time="0.001" /><testcase classname="tests.test_common_functions.test_email_validation" name="test_validate_email_address_allow_quoted_local_false_rejects" time="0.001" /><testcase classname="tests.test_common_functions.test_email_validation" name="test_validate_email_address_allow_quoted_local_true_accepts" time="0.001" /><testcase classname="tests.test_common_functions.test_email_validation" name="test_validate_email_address_allow_display_name_is_a_documented_noop" time="0.001" /><testcase classname="tests.test_common_functions.test_file_functions.test_append_csv.TestAppendCSV" name="test_append_csv_file_not_found" time="0.002" /><testcase classname="tests.test_common_functions.test_file_functions.test_append_csv.TestAppendCSV" name="test_append_csv_header_mismatch" time="0.001" /><testcase classname="tests.test_common_functions.test_file_functions.test_append_csv.TestAppendCSV" name="test_append_csv_invalid_data_type" time="0.001" /><testcase classname="tests.test_common_functions.test_file_functions.test_append_csv.TestAppendCSV" name="test_append_csv_valid_data" time="0.001" /><testcase classname="tests.test_common_functions.test_file_functions.test_append_csv.TestAppendCsvColumnsRemap" name="test_columns_already_matching_file_order_still_works" time="0.002" /><testcase classname="tests.test_common_functions.test_file_functions.test_append_csv.TestAppendCsvColumnsRemap" name="test_columns_missing_a_file_column_raises_value_error" time="0.001" /><testcase classname="tests.test_common_functions.test_file_functions.test_append_csv.TestAppendCsvColumnsRemap" name="test_columns_reorders_rows_to_match_file_header" time="0.001" /><testcase classname="tests.test_common_functions.test_file_functions.test_append_csv.TestAppendCsvColumnsRemap" name="test_columns_with_an_extra_unknown_name_raises_value_error" time="0.001" /><testcase classname="tests.test_common_functions.test_file_functions.test_append_csv.TestAppendCsvColumnsRemap" name="test_without_columns_still_requires_exact_header_match" time="0.001" /><testcase classname="tests.test_common_functions.test_file_functions.test_async_file_functions" name="test_delete_file_delegates_to_sync" time="0.009" /><testcase classname="tests.test_common_functions.test_file_functions.test_async_file_functions" name="test_save_json_delegates_to_sync" time="0.003" /><testcase classname="tests.test_common_functions.test_file_functions.test_async_file_functions" name="test_open_json_delegates_to_sync" time="0.002" /><testcase classname="tests.test_common_functions.test_file_functions.test_async_file_functions" name="test_save_csv_delegates_to_sync" time="0.003" /><testcase classname="tests.test_common_functions.test_file_functions.test_async_file_functions" name="test_append_csv_delegates_to_sync" time="0.003" /><testcase classname="tests.test_common_functions.test_file_functions.test_async_file_functions" name="test_open_csv_delegates_to_sync" time="0.003" /><testcase classname="tests.test_common_functions.test_file_functions.test_async_file_functions" name="test_save_text_delegates_to_sync" time="0.004" /><testcase classname="tests.test_common_functions.test_file_functions.test_async_file_functions" name="test_open_text_delegates_to_sync" time="0.003" /><testcase classname="tests.test_common_functions.test_file_functions.test_async_file_functions" name="test_json_roundtrip" time="0.004" /><testcase classname="tests.test_common_functions.test_file_functions.test_async_file_functions" name="test_csv_roundtrip_with_append_and_columns" time="0.005" /><testcase classname="tests.test_common_functions.test_file_functions.test_async_file_functions" name="test_text_roundtrip" time="0.004" /><testcase classname="tests.test_common_functions.test_file_functions.test_async_file_functions" name="test_delete_file_roundtrip" time="0.003" /><testcase classname="tests.test_common_functions.test_file_functions.test_async_file_functions" name="test_save_json_propagates_type_error" time="0.003" /><testcase classname="tests.test_common_functions.test_file_functions.test_async_file_functions" name="test_save_json_propagates_value_error" time="0.002" /><testcase classname="tests.test_common_functions.test_file_functions.test_async_file_functions" name="test_open_json_propagates_file_not_found_error" time="0.003" /><testcase classname="tests.test_common_functions.test_file_functions.test_async_file_functions" name="test_open_json_propagates_type_error" time="0.002" /><testcase classname="tests.test_common_functions.test_file_functions.test_async_file_functions" name="test_save_csv_propagates_type_error_for_bad_delimiter" time="0.003" /><testcase classname="tests.test_common_functions.test_file_functions.test_async_file_functions" name="test_open_csv_propagates_type_error_for_quotechar" time="0.004" /><testcase classname="tests.test_common_functions.test_file_functions.test_async_file_functions" name="test_open_csv_propagates_value_error_for_bad_quote_level" time="0.004" /><testcase classname="tests.test_common_functions.test_file_functions.test_async_file_functions" name="test_append_csv_propagates_file_not_found_error" time="0.003" /><testcase classname="tests.test_common_functions.test_file_functions.test_async_file_functions" name="test_append_csv_propagates_value_error_for_header_mismatch" time="0.004" /><testcase classname="tests.test_common_functions.test_file_functions.test_async_file_functions" name="test_save_text_propagates_type_error" time="0.003" /><testcase classname="tests.test_common_functions.test_file_functions.test_async_file_functions" name="test_open_text_propagates_file_not_found_error" time="0.003" /><testcase classname="tests.test_common_functions.test_file_functions.test_async_file_functions" name="test_delete_file_propagates_value_error_for_unsupported_extension" time="0.003" /><testcase classname="tests.test_common_functions.test_file_functions.test_async_file_functions" name="test_delete_file_propagates_file_not_found_error" time="0.004" /><testcase classname="tests.test_common_functions.test_file_functions.test_async_file_functions" name="test_async_file_functions_do_not_block_event_loop" time="0.305" /><testcase classname="tests.test_common_functions.test_file_functions.test_async_file_functions" name="test_module_has_no_independent_file_functions_reference" time="0.001" /><testcase classname="tests.test_common_functions.test_file_functions.test_create_data.TestSampleGenerator" name="test_files_created_successfully" time="0.013" /><testcase classname="tests.test_common_functions.test_file_functions.test_file_functions" name="test_save_json_appends_extension" time="0.002" /><testcase classname="tests.test_common_functions.test_file_functions.test_file_functions_delete.TestDeleteFile" name="test_delete_csv_file" time="0.002" /><testcase classname="tests.test_common_functions.test_file_functions.test_file_functions_delete.TestDeleteFile" name="test_delete_file_with_explicit_root_folder" time="0.002" /><testcase classname="tests.test_common_functions.test_file_functions.test_file_functions_delete.TestDeleteFile" name="test_delete_file_with_root_folder_not_found" time="0.002" /><testcase classname="tests.test_common_functions.test_file_functions.test_file_functions_delete.TestDeleteFile" name="test_delete_invalid_filename" time="0.002" /><testcase classname="tests.test_common_functions.test_file_functions.test_file_functions_delete.TestDeleteFile" name="test_delete_invalid_filename_backslash" time="0.002" /><testcase classname="tests.test_common_functions.test_file_functions.test_file_functions_delete.TestDeleteFile" name="test_delete_json_file" time="0.002" /><testcase classname="tests.test_common_functions.test_file_functions.test_file_functions_delete.TestDeleteFile" name="test_delete_nonexistent_file" time="0.002" /><testcase classname="tests.test_common_functions.test_file_functions.test_file_functions_delete.TestDeleteFile" name="test_delete_nonstring_filename" time="0.002" /><testcase classname="tests.test_common_functions.test_file_functions.test_file_functions_delete.TestDeleteFile" name="test_delete_text_file" time="0.002" /><testcase classname="tests.test_common_functions.test_file_functions.test_file_functions_delete.TestDeleteFile" name="test_delete_unsupported_filetype" time="0.002" /><testcase classname="tests.test_common_functions.test_file_functions.test_open_csv.TestOpenCsv" name="test_open_csv_round_trips_through_custom_root_folder" time="0.001" /><testcase classname="tests.test_common_functions.test_file_functions.test_open_csv.TestOpenCsv" name="test_open_csv_with_delimiter_and_quotechar" time="0.000" /><testcase classname="tests.test_common_functions.test_file_functions.test_open_csv.TestOpenCsv" name="test_open_csv_with_invalid_delimiter_type" time="0.000" /><testcase classname="tests.test_common_functions.test_file_functions.test_open_csv.TestOpenCsv" name="test_open_csv_with_invalid_file" time="0.001" /><testcase classname="tests.test_common_functions.test_file_functions.test_open_csv.TestOpenCsv" name="test_open_csv_with_invalid_file_name_type" time="0.000" /><testcase classname="tests.test_common_functions.test_file_functions.test_open_csv.TestOpenCsv" name="test_open_csv_with_invalid_quote_level" time="0.001" /><testcase classname="tests.test_common_functions.test_file_functions.test_open_csv.TestOpenCsv" name="test_open_csv_with_quotechar_length_greater_than_one" time="0.000" /><testcase classname="tests.test_common_functions.test_file_functions.test_open_csv.TestOpenCsv" name="test_open_csv_with_root_folder_not_found" time="0.001" /><testcase classname="tests.test_common_functions.test_file_functions.test_open_csv.TestOpenCsv" name="test_open_csv_with_valid_file" time="0.001" /><testcase classname="tests.test_common_functions.test_file_functions.test_open_json.TestFileFunctions" name="test_open_json_round_trips_through_custom_root_folder" time="0.001" /><testcase classname="tests.test_common_functions.test_file_functions.test_open_json.TestFileFunctions" name="test_open_json_with_invalid_file_name" time="0.001" /><testcase classname="tests.test_common_functions.test_file_functions.test_open_json.TestFileFunctions" name="test_open_json_with_non_string_file_name" time="0.001" /><testcase classname="tests.test_common_functions.test_file_functions.test_open_json.TestFileFunctions" name="test_open_json_with_root_folder_not_found" time="0.001" /><testcase classname="tests.test_common_functions.test_file_functions.test_open_json.TestFileFunctions" name="test_open_json_with_valid_file" time="0.001" /><testcase classname="tests.test_common_functions.test_file_functions.test_open_text.FileFunctionTests" name="test_open_text_file" time="0.002" /><testcase classname="tests.test_common_functions.test_file_functions.test_open_text.FileFunctionTests" name="test_open_text_integer_file_name" time="0.001" /><testcase classname="tests.test_common_functions.test_file_functions.test_open_text.FileFunctionTests" name="test_open_text_invalid_file_name" time="0.001" /><testcase classname="tests.test_common_functions.test_file_functions.test_open_text.FileFunctionTests" name="test_open_text_nonexistent_file" time="0.001" /><testcase classname="tests.test_common_functions.test_file_functions.test_open_text.FileFunctionTests" name="test_open_text_round_trips_through_custom_root_folder" time="0.001" /><testcase classname="tests.test_common_functions.test_file_functions.test_open_text.FileFunctionTests" name="test_open_text_with_root_folder_not_found" time="0.001" /><testcase classname="tests.test_common_functions.test_file_functions.test_save_csv.TestFileFunctions" name="test_save_csv_with_custom_delimiter" time="0.001" /><testcase classname="tests.test_common_functions.test_file_functions.test_save_csv.TestFileFunctions" name="test_save_csv_with_custom_quotechar" time="0.001" /><testcase classname="tests.test_common_functions.test_file_functions.test_save_csv.TestFileFunctions" name="test_save_csv_with_custom_root_folder" time="0.001" /><testcase classname="tests.test_common_functions.test_file_functions.test_save_csv.TestFileFunctions" name="test_save_csv_with_invalid_data" time="0.001" /><testcase classname="tests.test_common_functions.test_file_functions.test_save_csv.TestFileFunctions" name="test_save_csv_with_invalid_file_name" time="0.001" /><testcase classname="tests.test_common_functions.test_file_functions.test_save_csv.TestFileFunctions" name="test_save_csv_with_non_string_file_name" time="0.001" /><testcase classname="tests.test_common_functions.test_file_functions.test_save_csv.TestFileFunctions" name="test_save_csv_with_valid_data" time="0.001" /><testcase classname="tests.test_common_functions.test_file_functions.test_save_csv.TestFileFunctions" name="test_save_csv_with_valid_data_two" time="0.001" /><testcase classname="tests.test_common_functions.test_file_functions.test_save_json.TestSaveJson" name="test_invalid_data_type" time="0.001" /><testcase classname="tests.test_common_functions.test_file_functions.test_save_json.TestSaveJson" name="test_invalid_file_name" time="0.001" /><testcase classname="tests.test_common_functions.test_file_functions.test_save_json.TestSaveJson" name="test_success_save_json" time="0.001" /><testcase classname="tests.test_common_functions.test_file_functions.test_save_json.TestSaveJsonIndentAndEnsureAscii" name="test_default_output_is_compact_and_ascii_escaped" time="0.001" /><testcase classname="tests.test_common_functions.test_file_functions.test_save_json.TestSaveJsonIndentAndEnsureAscii" name="test_ensure_ascii_false_writes_literal_unicode" time="0.001" /><testcase classname="tests.test_common_functions.test_file_functions.test_save_json.TestSaveJsonIndentAndEnsureAscii" name="test_indent_and_ensure_ascii_round_trip_through_open_json" time="0.001" /><testcase classname="tests.test_common_functions.test_file_functions.test_save_json.TestSaveJsonIndentAndEnsureAscii" name="test_indent_produces_pretty_printed_output" time="0.001" /><testcase classname="tests.test_common_functions.test_file_functions.test_save_text.SaveTextTestCase" name="test_save_text" time="0.002" /><testcase classname="tests.test_common_functions.test_file_functions.test_save_text.SaveTextTestCase" name="test_save_text_invalid_data" time="0.001" /><testcase classname="tests.test_common_functions.test_file_functions.test_save_text.SaveTextTestCase" name="test_save_text_invalid_file_name" time="0.001" /><testcase classname="tests.test_common_functions.test_file_mover.test_file_mover.TestFileMover" name="test_process_files_flow_cleanup_error" time="1.007" /><testcase classname="tests.test_common_functions.test_file_mover.test_file_mover.TestFileMover" name="test_process_files_flow_compression_error" time="0.004" /><testcase classname="tests.test_common_functions.test_file_mover.test_file_mover.TestFileMover" name="test_process_files_flow_error_handling" time="0.002" /><testcase classname="tests.test_common_functions.test_file_mover.test_file_mover.TestFileMover" name="test_process_files_flow_existing_files" time="1.004" /><testcase classname="tests.test_common_functions.test_file_mover.test_file_mover.TestFileMover" name="test_process_files_flow_invalid_pattern" time="1.003" /><testcase classname="tests.test_common_functions.test_file_mover.test_file_mover.TestFileMover" name="test_process_files_flow_move_only" time="1.003" /><testcase classname="tests.test_common_functions.test_file_mover.test_file_mover.TestFileMover" name="test_process_files_flow_with_compression" time="1.005" /><testcase classname="tests.test_common_functions.test_file_mover.test_file_mover.TestFileMover" name="test_watch_processing_error_exception" time="0.003" /><testcase classname="tests.test_common_functions.test_folder_functions.test_folder_functions_directory_list.TestGetDirectoryList" name="test_get_directory_list" time="0.002" /><testcase classname="tests.test_common_functions.test_folder_functions.test_folder_functions_directory_list.TestGetDirectoryList" name="test_get_directory_list_nonexistent_dir" time="0.001" /><testcase classname="tests.test_common_functions.test_folder_functions.test_folder_functions_file_change.TestLastDataFilesChanged" name="test_empty_directory" time="0.023" /><testcase classname="tests.test_common_functions.test_folder_functions.test_folder_functions_file_change.TestLastDataFilesChanged" name="test_get_last_modified_file" time="0.012" /><testcase classname="tests.test_common_functions.test_folder_functions.test_folder_functions_file_change.TestLastDataFilesChanged" name="test_ignores_subdirectories" time="0.012" /><testcase classname="tests.test_common_functions.test_folder_functions.test_folder_functions_file_change.TestLastDataFilesChanged" name="test_nonexistent_directory" time="0.012" /><testcase classname="tests.test_common_functions.test_folder_functions.test_folder_functions_make_folder.TestMakeFolder" name="test_create_folder_successfully" time="0.001" /><testcase classname="tests.test_common_functions.test_folder_functions.test_folder_functions_make_folder.TestMakeFolder" name="test_folder_already_exists" time="0.001" /><testcase classname="tests.test_common_functions.test_folder_functions.test_folder_functions_make_folder.TestMakeFolder" name="test_folder_name_contains_invalid_characters" time="0.001" /><testcase classname="tests.test_common_functions.test_folder_functions.test_folder_functions_remove_folder.TestRemoveFolder" name="test_remove_folder" time="0.001" /><testcase classname="tests.test_common_functions.test_folder_functions.test_folder_functions_remove_folder.TestRemoveFolder" name="test_remove_folder_nonempty_dir" time="0.002" /><testcase classname="tests.test_common_functions.test_folder_functions.test_folder_functions_remove_folder.TestRemoveFolder" name="test_remove_folder_nonexistent_dir" time="0.001" /><testcase classname="tests.test_common_functions.test_logging_config.TestConfigLog" name="test_config_log_with_app_name" time="0.003" /><testcase classname="tests.test_common_functions.test_logging_config.TestConfigLog" name="test_config_log_with_invalid_level" time="0.001" /><testcase classname="tests.test_common_functions.test_logging_config.TestConfigLog" name="test_config_log_with_valid_params" time="0.002" /><testcase classname="tests.test_common_functions.test_logging_config_safe_file_sink.TestSafeFileSinkParsing" name="test_parse_size_mb" time="0.000" /><testcase classname="tests.test_common_functions.test_logging_config_safe_file_sink.TestSafeFileSinkParsing" name="test_parse_size_gb" time="0.000" /><testcase classname="tests.test_common_functions.test_logging_config_safe_file_sink.TestSafeFileSinkParsing" name="test_parse_size_kb" time="0.000" /><testcase classname="tests.test_common_functions.test_logging_config_safe_file_sink.TestSafeFileSinkParsing" name="test_parse_size_plain_bytes" time="0.000" /><testcase classname="tests.test_common_functions.test_logging_config_safe_file_sink.TestSafeFileSinkParsing" name="test_parse_duration_days" time="0.000" /><testcase classname="tests.test_common_functions.test_logging_config_safe_file_sink.TestSafeFileSinkParsing" name="test_parse_duration_hours" time="0.000" /><testcase classname="tests.test_common_functions.test_logging_config_safe_file_sink.TestSafeFileSinkParsing" name="test_parse_duration_minutes" time="0.000" /><testcase classname="tests.test_common_functions.test_logging_config_safe_file_sink.TestSafeFileSinkParsing" name="test_parse_duration_unrecognized_defaults_to_zero" time="0.000" /><testcase classname="tests.test_common_functions.test_logging_config_safe_file_sink.TestSafeFileSinkFileOps" name="test_write_message_appends" time="0.001" /><testcase classname="tests.test_common_functions.test_logging_config_safe_file_sink.TestSafeFileSinkFileOps" name="test_rotate_logs_no_rotation_when_under_threshold" time="0.001" /><testcase classname="tests.test_common_functions.test_logging_config_safe_file_sink.TestSafeFileSinkFileOps" name="test_rotate_logs_rotates_when_over_threshold_no_compression" time="0.001" /><testcase classname="tests.test_common_functions.test_logging_config_safe_file_sink.TestSafeFileSinkFileOps" name="test_rotate_logs_compresses_and_removes_uncompressed" time="0.004" /><testcase classname="tests.test_common_functions.test_logging_config_safe_file_sink.TestSafeFileSinkFileOps" name="test_apply_retention_removes_old_rotated_files_keeps_recent" time="0.003" /><testcase classname="tests.test_common_functions.test_logging_config_safe_file_sink.TestSafeFileSinkFileOps" name="test_apply_retention_never_deletes_the_active_log_file" time="0.001" /><testcase classname="tests.test_common_functions.test_logging_config_safe_file_sink.TestSafeFileSinkRetentionThrottling" name="test_apply_retention_not_called_on_every_message_without_rotation" time="0.004" /><testcase classname="tests.test_common_functions.test_logging_config_safe_file_sink.TestSafeFileSinkRetentionThrottling" name="test_apply_retention_called_immediately_after_rotation" time="0.002" /><testcase classname="tests.test_common_functions.test_logging_config_safe_file_sink.TestSafeFileSinkRetentionThrottling" name="test_apply_retention_runs_again_after_interval_elapses" time="0.002" /><testcase classname="tests.test_common_functions.test_pattern_between.TestPatternBetweenTwoChar" name="test_pattern_between_two_char_edge_cases" time="0.002" /><testcase classname="tests.test_common_functions.test_pattern_between.TestPatternBetweenTwoChar" name="test_pattern_between_two_char_empty_characters" time="0.001" /><testcase classname="tests.test_common_functions.test_pattern_between.TestPatternBetweenTwoChar" name="test_pattern_between_two_char_integer_input" time="0.001" /><testcase classname="tests.test_common_functions.test_pattern_between.TestPatternBetweenTwoChar" name="test_pattern_between_two_char_metacharacters_in_content" time="0.001" /><testcase classname="tests.test_common_functions.test_pattern_between.TestPatternBetweenTwoChar" name="test_pattern_between_two_char_valid_input" time="0.001" /><testcase classname="tests.test_database_functions.test_async_database.TestDatabaseOperations" name="test_count_query" time="0.115" /><testcase classname="tests.test_database_functions.test_async_database.TestDatabaseOperations" name="test_count_query_sqlalchemy_error" time="0.012" /><testcase classname="tests.test_database_functions.test_async_database.TestDatabaseOperations" name="test_count_query_general_exception" time="0.012" /><testcase classname="tests.test_database_functions.test_async_database.TestDatabaseOperations" name="test_paginate_query_basic" time="0.074" /><testcase classname="tests.test_database_functions.test_async_database.TestDatabaseOperations" name="test_paginate_query_last_partial_page" time="0.069" /><testcase classname="tests.test_database_functions.test_async_database.TestDatabaseOperations" name="test_paginate_query_page_beyond_range" time="0.035" /><testcase classname="tests.test_database_functions.test_async_database.TestDatabaseOperations" name="test_paginate_query_empty" time="0.018" /><testcase classname="tests.test_database_functions.test_async_database.TestDatabaseOperations" name="test_paginate_query_defaults" time="0.031" /><testcase classname="tests.test_database_functions.test_async_database.TestDatabaseOperations" name="test_paginate_query_invalid_parameters[0-10]" time="0.012" /><testcase classname="tests.test_database_functions.test_async_database.TestDatabaseOperations" name="test_paginate_query_invalid_parameters[-1-10]" time="0.012" /><testcase classname="tests.test_database_functions.test_async_database.TestDatabaseOperations" name="test_paginate_query_invalid_parameters[1-0]" time="0.011" /><testcase classname="tests.test_database_functions.test_async_database.TestDatabaseOperations" name="test_paginate_query_invalid_parameters[1--5]" time="0.012" /><testcase classname="tests.test_database_functions.test_async_database.TestDatabaseOperations" name="test_paginate_query_sqlalchemy_error" time="0.012" /><testcase classname="tests.test_database_functions.test_async_database.TestDatabaseOperations" name="test_paginate_query_general_exception" time="0.012" /><testcase classname="tests.test_database_functions.test_async_database.TestDatabaseOperations" name="test_read_query" time="0.022" /><testcase classname="tests.test_database_functions.test_async_database.TestDatabaseOperations" name="test_read_query_distinct" time="0.037" /><testcase classname="tests.test_database_functions.test_async_database.TestDatabaseOperations" name="test_read_query_tuple_result" time="0.028" /><testcase classname="tests.test_database_functions.test_async_database.TestDatabaseOperations" name="test_read_query_sqlalchemy_error" time="0.014" /><testcase classname="tests.test_database_functions.test_async_database.TestDatabaseOperations" name="test_read_query_general_exception" time="0.013" /><testcase classname="tests.test_database_functions.test_async_database.TestDatabaseOperations" name="test_read_query_mapping_single_and_multi" time="0.021" /><testcase classname="tests.test_database_functions.test_async_database.TestDatabaseOperations" name="test_read_query_mapping_fallback_branches" time="0.012" /><testcase classname="tests.test_database_functions.test_async_database.TestDatabaseOperations" name="test_read_query_no_keys_no_mapping" time="0.015" /><testcase classname="tests.test_database_functions.test_async_database.TestDatabaseOperations" name="test_read_multi_query_mapping_branches" time="0.019" /><testcase classname="tests.test_database_functions.test_async_database.TestDatabaseOperations" name="test_read_multi_query_no_keys_no_mapping" time="0.014" /><testcase classname="tests.test_database_functions.test_async_database.TestDatabaseOperations" name="test_read_multi_query_fallback_branches" time="0.013" /><testcase classname="tests.test_database_functions.test_async_database.TestDatabaseOperations" name="test_read_multi_query" time="0.021" /><testcase classname="tests.test_database_functions.test_async_database.TestDatabaseOperations" name="test_read_multi_query_sqlalchemy_error" time="0.014" /><testcase classname="tests.test_database_functions.test_async_database.TestDatabaseOperations" name="test_read_multi_query_general_exception" time="0.015" /><testcase classname="tests.test_database_functions.test_async_database.TestDatabaseOperations" name="test_create_one" time="0.018" /><testcase classname="tests.test_database_functions.test_async_database.TestDatabaseOperations" name="test_create_one_sqlalchemy_error" time="0.013" /><testcase classname="tests.test_database_functions.test_async_database.TestDatabaseOperations" name="test_create_one_general_exception" time="0.014" /><testcase classname="tests.test_database_functions.test_async_database.TestDatabaseOperations" name="test_create_one_integrity_error" time="0.013" /><testcase classname="tests.test_database_functions.test_async_database.TestDatabaseOperations" name="test_create_many" time="0.035" /><testcase classname="tests.test_database_functions.test_async_database.TestDatabaseOperations" name="test_create_many_sqlalchemy_error" time="0.013" /><testcase classname="tests.test_database_functions.test_async_database.TestDatabaseOperations" name="test_create_many_general_exception" time="0.012" /><testcase classname="tests.test_database_functions.test_async_database.TestDatabaseOperations" name="test_create_many_integrity_error" time="0.013" /><testcase classname="tests.test_database_functions.test_async_database.TestDatabaseOperations" name="test_update_one" time="0.027" /><testcase classname="tests.test_database_functions.test_async_database.TestDatabaseOperations" name="test_update_one_record_not_found" time="0.016" /><testcase classname="tests.test_database_functions.test_async_database.TestDatabaseOperations" name="test_update_one_integrity_error" time="0.013" /><testcase classname="tests.test_database_functions.test_async_database.TestDatabaseOperations" name="test_update_one_sqlalchemy_error" time="0.013" /><testcase classname="tests.test_database_functions.test_async_database.TestDatabaseOperations" name="test_update_one_general_exception" time="0.012" /><testcase classname="tests.test_database_functions.test_async_database.TestDatabaseOperations" name="test_delete_one" time="0.026" /><testcase classname="tests.test_database_functions.test_async_database.TestDatabaseOperations" name="test_delete_one_record_not_found" time="0.018" /><testcase classname="tests.test_database_functions.test_async_database.TestDatabaseOperations" name="test_delete_one_sqlalchemy_error" time="0.012" /><testcase classname="tests.test_database_functions.test_async_database.TestDatabaseOperations" name="test_delete_one_general_exception" time="0.012" /><testcase classname="tests.test_database_functions.test_async_database.TestDatabaseOperations" name="test_get_table_names" time="0.013" /><testcase classname="tests.test_database_functions.test_async_database.TestDatabaseOperations" name="test_get_column_details" time="0.012" /><testcase classname="tests.test_database_functions.test_async_database.TestDatabaseOperations" name="test_get_primary_keys" time="0.011" /><testcase classname="tests.test_database_functions.test_async_database.TestDatabaseOperations" name="test_read_one_record" time="0.024" /><testcase classname="tests.test_database_functions.test_async_database.TestDatabaseOperations" name="test_read_one_record_none" time="0.018" /><testcase classname="tests.test_database_functions.test_async_database.TestDatabaseOperations" name="test_read_one_record_exception" time="0.012" /><testcase classname="tests.test_database_functions.test_async_database.TestDatabaseOperations" name="test_delete_many" time="0.198" /><testcase classname="tests.test_database_functions.test_async_database.TestDatabaseOperations" name="test_delete_many_exception" time="0.038" /><testcase classname="tests.test_database_functions.test_async_database.TestDatabaseOperations" name="test_execute_one_insert" time="0.023" /><testcase classname="tests.test_database_functions.test_async_database.TestDatabaseOperations" name="test_execute_many_insert" time="0.033" /><testcase classname="tests.test_database_functions.test_async_database.TestDatabaseOperations" name="test_execute_one_delete" time="0.029" /><testcase classname="tests.test_database_functions.test_async_database.TestDatabaseOperations" name="test_execute_many_delete" time="0.049" /><testcase classname="tests.test_database_functions.test_async_database.TestDatabaseOperations" name="test_execute_many_select_sees_writes_earlier_in_same_batch" time="0.020" /><testcase classname="tests.test_database_functions.test_async_database.TestDatabaseOperations" name="test_execute_one_select_with_values" time="0.023" /><testcase classname="tests.test_database_functions.test_async_database.TestDatabaseOperations" name="test_execute_many_select_with_values" time="0.024" /><testcase classname="tests.test_database_functions.test_async_database.TestDatabaseOperations" name="test_execute_one_exception" time="0.013" /><testcase classname="tests.test_database_functions.test_async_database.TestDatabaseOperations" name="test_execute_many_exception" time="0.013" /><testcase classname="tests.test_database_functions.test_async_database.TestDatabaseOperations" name="test_execute_one_commit_failure_surfaces_as_error" time="0.013" /><testcase classname="tests.test_database_functions.test_async_database.TestDatabaseOperations" name="test_execute_many_commit_failure_surfaces_as_error" time="0.014" /><testcase classname="tests.test_database_functions.test_async_database.TestDatabaseOperations" name="test_handle_exceptions_returns_database_error_result" time="0.013" /><testcase classname="tests.test_database_functions.test_async_database.TestDatabaseOperations" name="test_update_one_not_found_returns_database_error_result" time="0.017" /><testcase classname="tests.test_database_functions.test_async_database.TestDatabaseOperations" name="test_delete_one_not_found_returns_database_error_result" time="0.018" /><testcase classname="tests.test_database_functions.test_async_database.TestDatabaseOperations" name="test_get_columns_details_exception" time="0.012" /><testcase classname="tests.test_database_functions.test_async_database.TestDatabaseOperations" name="test_get_primary_keys_exception" time="0.011" /><testcase classname="tests.test_database_functions.test_async_database.TestDatabaseOperations" name="test_get_table_names_exception" time="0.014" /><testcase classname="tests.test_database_functions.test_base_schema" name="test_schema_base[sqlite]" time="0.015" /><testcase classname="tests.test_database_functions.test_base_schema" name="test_server_default_schema_base_columns[SchemaBasePostgres]" time="0.001" /><testcase classname="tests.test_database_functions.test_base_schema" name="test_server_default_schema_base_columns[SchemaBaseMySQL]" time="0.001" /><testcase classname="tests.test_database_functions.test_base_schema" name="test_server_default_schema_base_columns[SchemaBaseOracle]" time="0.001" /><testcase classname="tests.test_database_functions.test_base_schema" name="test_server_default_schema_base_columns[SchemaBaseMSSQL]" time="0.001" /><testcase classname="tests.test_database_functions.test_base_schema" name="test_server_default_schema_base_columns[SchemaBaseFirebird]" time="0.001" /><testcase classname="tests.test_database_functions.test_base_schema" name="test_server_default_schema_base_columns[SchemaBaseSybase]" time="0.001" /><testcase classname="tests.test_database_functions.test_base_schema" name="test_server_default_schema_base_columns[SchemaBaseCockroachDB]" time="0.001" /><testcase classname="tests.test_database_functions.test_base_schema" name="test_server_default_schema_base_columns_are_independent_instances" time="0.001" /><testcase classname="tests.test_database_functions.test_base_schema" name="test_sqlite_schema_base_uses_python_side_defaults" time="0.000" /><testcase classname="tests.test_database_functions.test_db_config" name="test_sqlite_supported_parameters" time="0.001" /><testcase classname="tests.test_database_functions.test_db_config" name="test_sqlite_unsupported_parameters" time="0.001" /><testcase classname="tests.test_database_functions.test_db_config" name="test_postgresql_supported_parameters" time="0.112" /><testcase classname="tests.test_database_functions.test_db_config" name="test_postgresql_unsupported_parameters" time="0.001" /><testcase classname="tests.test_database_functions.test_db_config" name="test_sqlite_common_parameters" time="0.001" /><testcase classname="tests.test_database_functions.test_db_config" name="test_postgresql_common_parameters" time="0.001" /><testcase classname="tests.test_database_functions.test_db_config" name="test_common_parameters_do_not_bypass_dialect_specific_validation" time="0.001" /><testcase classname="tests.test_database_functions.test_db_config" name="test_dialect_detection_across_backends[sqlite+aiosqlite:///:memory:-sqlite]" time="0.001" /><testcase classname="tests.test_database_functions.test_db_config" name="test_dialect_detection_across_backends[postgresql+asyncpg://user:pass@host/db-postgresql]" time="0.001" /><testcase classname="tests.test_database_functions.test_db_config" name="test_dialect_detection_across_backends[mysql+asyncmy://user:pass@host/db-mysql]" time="0.102" /><testcase classname="tests.test_database_functions.test_db_config" name="test_dialect_detection_across_backends[oracle+oracledb://user:pass@host/db-oracle]" time="0.215" /><testcase classname="tests.test_database_functions.test_db_config" name="test_dialect_detection_across_backends[cockroachdb+asyncpg://user:pass@host/db-cockroachdb]" time="0.032" /><testcase classname="tests.test_database_functions.test_db_config" name="test_session_factory_is_built_once_in_init" time="0.001" /><testcase classname="tests.test_database_functions.test_db_config" name="test_get_db_session_reuses_cached_factory_but_yields_new_sessions" time="0.003" /><testcase classname="tests.test_database_functions.test_execute_api_coverage" name="test_execute_one_select_orm_and_text" time="0.042" /><testcase classname="tests.test_database_functions.test_execute_api_coverage" name="test_execute_one_update_delete_metadata" time="0.025" /><testcase classname="tests.test_database_functions.test_execute_api_coverage" name="test_execute_many_mixed_with_results" time="0.039" /><testcase classname="tests.test_database_functions.test_execute_api_coverage" name="test_execute_error_paths_with_text_and_orm" time="0.025" /><testcase classname="tests.test_database_functions.test_execute_api_coverage" name="test_execute_one_select_text_multicolumn_returns_rows_dicts" time="0.022" /><testcase classname="tests.test_database_functions.test_execute_api_coverage" name="test_execute_one_row_shaping_branches_with_keys_and_without_keys" time="0.017" /><testcase classname="tests.test_database_functions.test_execute_api_coverage" name="test_execute_many_text_select_multicolumn_returns_rows_dicts" time="0.025" /><testcase classname="tests.test_database_functions.test_execute_api_coverage" name="test_execute_many_row_shaping_branches_with_keys_and_without_keys" time="0.021" /><testcase classname="tests.test_endpoints.test_default_endpoints" name="test_robots_txt" time="0.015" /><testcase classname="tests.test_endpoints.test_http_codes" name="test_generate_code_dict_description_only" time="0.001" /><testcase classname="tests.test_endpoints.test_http_codes" name="test_generate_code_dict_all_info" time="0.002" /><testcase classname="tests.test_endpoints.test_http_codes" name="test_generate_code_dict_invalid_code" time="0.002" /><testcase classname="tests.test_endpoints.test_http_codes" name="test_generate_code_dict_empty_codes" time="0.002" /><testcase classname="tests.test_endpoints.test_system_health_endpoints" name="test_health_status" time="0.007" /><testcase classname="tests.test_endpoints.test_system_health_endpoints" name="test_get_uptime" time="0.007" /><testcase classname="tests.test_endpoints.test_system_health_endpoints" name="test_get_heapdump" time="0.407" /><testcase classname="tests.test_endpoints.test_system_health_endpoints" name="test_get_heapdump_tracemalloc_error" time="0.003" /><testcase classname="tests.test_endpoints.test_system_health_endpoints" name="test_heapdump_disabled_by_default" time="0.005" /><testcase classname="tests.test_endpoints.test_system_health_endpoints" name="test_heapdump_dependency_denies_unauthorized" time="0.008" /><testcase classname="tests.test_endpoints.test_system_health_endpoints" name="test_heapdump_dependency_allows_authorized" time="0.012" /><testcase classname="tests.test_endpoints.test_system_health_endpoints" name="test_heapdump_dependency_realistic_api_key_pattern" time="0.085" /><testcase classname="tests.test_endpoints.test_system_health_endpoints" name="test_status_and_uptime_remain_unaffected" time="0.008" /><testcase classname="tests.test_endpoints.test_system_health_endpoints" name="test_heapdump_explicitly_disabled" time="0.005" /><testcase classname="tests.test_endpoints.test_system_health_endpoints" name="test_heapdump_dependency_can_raise_any_status_code" time="0.007" /><testcase classname="tests.test_endpoints.test_system_health_endpoints" name="test_heapdump_multiple_dependencies_are_all_enforced" time="0.007" /><testcase classname="tests.test_endpoints.test_system_health_endpoints" name="test_heapdump_dependencies_do_not_leak_to_other_routes" time="0.013" /><testcase classname="tests.test_endpoints.test_system_health_endpoints" name="test_heapdump_openapi_schema_advertises_auth_responses" time="0.006" /></testsuite></testsuites>